<blueprint xmlns="http://www.osgi.org/xmlns/blueprint/v1.0.0"
	xmlns:xsi="http://www.w3.org/2001/XMLSchema-instance" 
	xmlns:cm="http://aries.apache.org/blueprint/xmlns/blueprint-cm/v1.0.0"
	xsi:schemaLocation="
             http://www.osgi.org/xmlns/blueprint/v1.0.0 http://www.osgi.org/xmlns/blueprint/v1.0.0/blueprint.xsd
             ">

	<!-- OSGI blueprint property placeholder -->
	<cm:property-placeholder id="myblueprint.placeholder" persistent-id="camel.blueprint">
	<cm:default-properties>
            <cm:property name="cfx-rest-service-uri" value="http://localhost:9191/cxf"/>
            <cm:property name="inbound-rest-uri" value="direct:marshal"/>
            <cm:property name="inbound-amq-endpoint" value="activemq:queue:q.empi.deim.in"/>
            <cm:property name="amq-broker-url" value="vm://localhost?broker.persistent=false"/>
        </cm:default-properties>
    </cm:property-placeholder>

</blueprint>
