<blueprint xmlns="http://www.osgi.org/xmlns/blueprint/v1.0.0"
	xmlns:xsi="http://www.w3.org/2001/XMLSchema-instance" 
	xmlns:cm="http://aries.apache.org/blueprint/xmlns/blueprint-cm/v1.0.0"
	xsi:schemaLocation="
             http://www.osgi.org/xmlns/blueprint/v1.0.0 http://www.osgi.org/xmlns/blueprint/v1.0.0/blueprint.xsd
             http://aries.apache.org/blueprint/xmlns/blueprint-cm/v1.0.0  http://aries.apache.org/schemas/blueprint-cm/blueprint-cm-1.1.0.xsd
             ">

	<!-- OSGI blueprint property placeholder -->
	<cm:property-placeholder id="myblueprint.placeholder"
		persistent-id="camel.blueprint">
		<cm:default-properties>
		    <cm:property name="ws-address-uri" value="http://localhost:8181/PersonEJBService/PersonEJBPort" />
			<cm:property name="ws-amq-inbound" value="activemq:queue:q.empi.nextgate.out" />
			<cm:property name="ws-outbound" value="cxf:bean:wsServiceEndpoint" />
			<cm:property name="amq-broker-url"	value="vm://localhost?broker.persistent=false" />
			<cm:property name="mock-uri" value="mock:foo" />
		</cm:default-properties>
	</cm:property-placeholder>
</blueprint>
